00:41:58.267 > [37mI[37m (32) boot: ESP-IDF 5.4.0 2nd stage bootloader
00:41:58.267 > I (32) boot: compile time Jul  3 2025 00:41:34
00:41:58.267 > D (32) bootloader_flash: XMC chip detected by RDID (00204016), skip.
00:41:58.267 > D (34) bootloader_flash: mmu set block paddr=0x00000000 (was 0xffffffff)
00:41:58.267 > I (35) boot: chip revision: v0.0
00:41:58.267 > I (35) boot: efuse block revision: v0.2
00:41:58.267 > D (35) boot.esp32s2: magic e9
00:41:58.267 > D (35) boot.esp32s2: segments 04
00:41:58.267 > D (35) boot.esp32s2: spi_mode 02
00:41:58.267 > D (35) boot.esp32s2: spi_speed 0f
00:41:58.267 > D (36) boot.esp32s2: spi_size 02
00:41:58.267 > I (36) boot.esp32s2: SPI Speed      : 80MHz
00:41:58.267 > I (36) boot.esp32s2: SPI Mode       : DIO
00:41:58.267 > I (36) boot.esp32s2: SPI Flash Size : 4MB
00:41:58.267 > D (37) boot: Enabling RTCWDT(9000 ms)
00:41:58.267 > I (37) boot: Enabling RNG early entropy source...
00:41:58.267 > D (37) bootloader_flash: rodata starts from paddr=0x00008000, size=0xc00, will be mapped to vaddr=0x3f000000
00:41:58.267 > V (37) bootloader_flash: after mapping, starting from paddr=0x00000000 and vaddr=0x3f000000, 0x10000 bytes are mapped
00:41:58.267 > D (38) boot: mapped partition table 0x8000 at 0x3f008000
00:41:58.267 > D (38) flash_parts: partitio[37mn table verified, 5 entries
00:41:58.267 > I (39) boot: Partition Table:
00:41:58.267 > I (39) boot: ## Label            Usage          Type ST Offset   Length
00:41:58.267 > D (40) boot: load partition table entry 0x3f008000
00:41:58.267 > D (40) boot: type=1 subtype=2
00:41:58.267 > I (40) boot:  0 nvs              WiFi data        01 02 00009000 00004000
00:41:58.267 > D (41) boot: load partition table entry 0x3f008020
00:41:58.267 > D (41) boot: type=1 subtype=1
00:41:58.267 > I (41) boot:  1 phy_init         RF data          01 01 0000d000 00001000
00:41:58.267 > D (42) boot: load partition table entry 0x3f008040
00:41:58.267 > D (43) boot: type=0 subtype=0
00:41:58.267 > I (43) boot:  2 factory          factory app      00 00 00010000 00100000
00:41:58.267 > D (44) boot: load partition table entry 0x3f008060
00:41:58.267 > D (44) boot: type=1 subtype=83
00:41:58.267 > I (44) boot:  3 storage          Unknown data     01 83 00110000 000f0000
00:41:58.267 > I (45) boot: End of partition table
00:41:58.267 > D (45) boot: Trying partition index -1 offs 0x10000 size 0x100000
00:41:58.267 > D (46) esp_image: reading image header @ 0x10000
00:41:58.267 > D (47) bootloader_flash: mmu set block paddr=0x00010000 (was 0xffffffff)
00:41:58.267 > D (48) esp_image: image he[37mader: 0xe9 0x06 0x02 0x02 40026a3c
00:41:58.267 > V (48) esp_image: loading segment header 0 at offset 0x10018
00:41:58.267 > V (48) esp_image: segment data length 0x14db8 data starts 0x10020
00:41:58.267 > V (49) esp_image: MMU page size 0x10000
00:41:58.267 > V (49) esp_image: segment 0 map_segment 1 segment_data_offs 0x10020 load_addr 0x3f000020
00:41:58.267 > I (49) esp_image: segment 0: paddr=00010020 vaddr=3f000020 size=14db8h ( 85432) map
00:41:58.267 > D (50) esp_image: free data page_count 0x00000038
00:41:58.267 > D (50) bootloader_flash: rodata starts from paddr=0x00010020, size=0x14db8, will be mapped to vaddr=0x3f000000
00:41:58.267 > V (50) bootloader_flash: after mapping, starting from paddr=0x00010000 and vaddr=0x3f000000, 0x20000 bytes are mapped
00:41:58.295 > [37mV[37m (67) esp_image: loading segment header 1 at offset 0x24dd8
00:41:58.295 > D (67) bootloader_flash: mmu set block paddr=0x00020000 (was 0xffffffff)
00:41:58.295 > V (68) esp_image: segment data length 0x1c data starts 0x24de0
00:41:58.295 > V (69) esp_image: MMU page size 0x10000
00:41:58.295 > V (69) esp_image: segment 1 map_segment 0 segment_data_offs 0x24de0 load_addr 0x3ff9e010
00:41:58.295 > I (69) esp_image: segment 1: paddr=00024de0 vaddr=3ff9e010 size=0001ch (    28) load
00:41:58.295 > D (70) esp_image: free data page_count 0x00000038
00:41:58.295 > D (70) bootloader_flash: rodata starts from paddr=0x00024de0, size=0x1c, will be mapped to vaddr=0x3f000000
00:41:58.295 > V (70) bootloader_flash: after mapping, starting from paddr=0x00020000 and vaddr=0x3f000000, 0x10000 bytes are mapped
00:41:58.295 > V (71) esp_image: loading segment header 2 at offset 0x24dfc
00:41:58.295 > D (71) bootloader_flash: mmu set block paddr=0x00020000 (was 0xffffffff)
00:41:58.295 > V (72) esp_image: segment data length 0x2ed8 data starts 0x24e04
00:41:58.295 > V (73) esp_image: MMU page size 0x10000
00:41:58.295 > V (74) esp_image: segment 2 map_segment 0 segment_data_offs 0x24e04 load_addr 0x3[37mffc5ad0
00:41:58.295 > I (74) esp_image: segment 2: paddr=00024e04 vaddr=3ffc5ad0 size=02ed8h ( 11992) load
00:41:58.295 > D (75) esp_image: free data page_count 0x00000038
00:41:58.295 > D (75) bootloader_flash: rodata starts from paddr=0x00024e04, size=0x2ed8, will be mapped to vaddr=0x3f000000
00:41:58.295 > V (75) bootloader_flash: after mapping, starting from paddr=0x00020000 and vaddr=0x3f000000, 0x10000 bytes are mapped
00:41:58.295 > V (78) esp_image: loading segment header 3 at offset 0x27cdc
00:41:58.295 > D (78) bootloader_flash: mmu set block paddr=0x00020000 (was 0xf[37mf[37mffffff)
00:41:58.296 > [37mV (79) esp_image: segment data length 0x8334 data starts 0x27ce4[37m[37m
00:41:58.317 > V (80) esp_image: MMU page size 0x10000
00:41:58.317 > V (80) esp_image: segment 3 map_segment 0 segment_data_offs 0x27ce4 load_addr 0x40024000
00:41:58.317 > I (81) esp_image: segment 3: paddr=00027ce4 vaddr=40024000 size=08334h ( 33588) load
00:41:58.317 > D (81) esp_image: free data page_count 0x00000038
00:41:58.317 > D (81) bootloader_flash: rodata starts from paddr=0x00027ce4, size=0x8334, will be mapped to vaddr=0x3f000000
00:41:58.317 > V (82) bootloader_flash: after mapping, starting from paddr=0x00020000 and vaddr=0x3f000000, 0x20000 bytes are mapped
00:41:58.317 > V (91) esp_image: loading segment header 4 at offset 0x30018
00:41:58.317 > D (91) bootloader_flash: mmu set block paddr=0x00030000 (was 0xffffffff)
00:41:58.317 > V (92) esp_image: segment data length 0x3fdc0 data starts 0x30020
00:41:58.317 > V (93) esp_image: MMU page size 0x10000
00:41:58.317 > V (93) esp_image: segment 4 map_segment 1 segment_data_offs 0x30020 load_addr 0x40080020
00:41:58.317 > I (94) esp_image: segment 4: paddr=00030020 vaddr=40080020 size=3fdc0h (261568) map
00:41:58.317 > D (94) esp_image: free data page_count 0x00000038
00:41:58.317 > D (94) bootloader_flash: rodata starts from paddr=[37m0x00030020, size=0x3fdc0, will be mapped to vaddr=0x3f000000
00:41:58.318 > V (94) bootloader_flash: after mapping, starting from paddr=0x00030000 and vaddr=0x3f000000, 0x40000 bytes are mapped
00:41:58.363 > [37mV[37m (146) esp_image: loading segment header 5 at offset 0x6fde0
00:41:58.363 > D (146) bootloader_flash: mmu set block paddr=0x00060000 (was 0x[37mf[37mfffffff)
00:41:58.364 > [37mV[37m (147) esp_image: segment data length 0x9798 data starts 0x6fde[37m8[37m
00:41:58.385 > V (148) esp_image: MMU page size 0x10000
00:41:58.385 > V (148) esp_image: segment 5 map_segment 0 segment_data_offs 0x6fde8 load_addr 0x4002c334
00:41:58.385 > I (149) esp_image: segment 5: paddr=0006fde8 vaddr=4002c334 size=09798h ( 38808) load
00:41:58.385 > D (149) esp_image: free data page_count 0x00000038
00:41:58.385 > D (149) bootloader_flash: rodata starts from paddr=0x0006fde8, size=0x9798, will be mapped to vaddr=0x3f000000
00:41:58.385 > V (149) bootloader_flash: after mapping, starting from paddr=0x00060000 and vaddr=0x3f000000, 0x20000 bytes are mapped
00:41:58.385 > V (159) esp_image: image start 0x00010000 end of last section 0x00079580
00:41:58.385 > D (160) bootloader_flash: mmu set block paddr=0x00070000 (was 0xffffffff)
00:41:58.387 > [37mI[37m (170) boot: Loaded app from partition at offset 0x10000
00:41:58.387 > I (170) boot: Disabling RNG early entropy source...
00:41:58.387 > D (170) boot: Mapping segment 0 as DROM
00:41:58.387 > D (170) boot: Mapping segment 4 as IROM
00:41:58.387 > [37mD (170) boot: calling set_cache_and_start_app
00:41:58.387 > D (170) boot: configure drom and irom and start
00:41:58.387 > [37mV[37m (170) boot: rodata starts from paddr=0x00010020, vaddr=0x3f000[37m0[37m20, size=0x14db8
00:41:58.393 > V (172) boot: after mapping rodata, starting from paddr=0x00010000 and vaddr=0x3f000000, 0x20000 bytes are mapped
00:41:58.393 > V (172) boot: mapped one page of the rodata, from paddr=0x00010000 and vaddr=0x3f3f0000, 0x10000 bytes are mapped
00:41:58.393 > V (172) boot: text starts from paddr=0x00030020, vaddr=0x40080020, size=0x3fdc0
00:41:58.393 > V (173) boot: after mapping text, starting from paddr=0x00030000 and vaddr=0x40080000, 0x40000 bytes are mapped
00:41:58.393 > D (174) boot: start: 0x40026a3c
00:41:58.413 > [37mI[37m (196) main_task: Started on CPU0
00:41:58.444 > [37mI[37m (196) main_task: Calling app_main()
00:41:58.445 > [INFO][MAIN][13ms] START
00:41:58.445 > [INFO][DATA][14ms] START
00:41:58.445 > [INFO][SDCard][14ms] Init SD Card.
00:41:58.445 > I (196) SD CARD: Mounting filesystem
00:41:58.445 > I (196) gpio: GPIO[16]| InputEn: 0| OutputEn: 1| OpenDrain: 0| Pullup: 0| Pulldown: 0| Intr:0 
00:41:58.445 > I (206) sdspi_transaction: cmd=52, R1 response: command not supported
00:41:58.474 > [37mI[37m (256) sdspi_transaction: cmd=5, R1 response: command not suppo[37mr[37mted
00:41:58.525 > [37mE[37m (306) vfs_fat_sdmmc: mount_to_vfs failed (0x101).
00:41:58.526 > [37mI (306) gpio: GPIO[16]| InputEn: 1| OutputEn: 0| OpenDrain: 0| P[37mu[37mllup: 0| Pulldown: 0| Intr:0 
00:42:08.632 > [37m[[37mINFO][SETUP][10232ms] [USER] > Select log level:
00:42:08.632 > [INFO][SETUP][10233ms]   I - ERROR and INFO logs
00:42:08.632 > [INFO][SETUP][10233ms]   D - ERROR, INFO, and DEBUG logs
00:42:08.632 > [37mG[37muru Meditation Error: Core  0 panic'ed (LoadProhibited). Except[37mi[37mon was unhandled.
00:42:08.634 > [37m[37m
00:42:08.635 > [37mCore  0 register dump:
00:42:08.635 > [37mPC      : 0x4008f269  PS      : 0x00060030  A0      : 0x80087e95[37m [37m A1      : 0x3ffcdff0  
00:42:08.636 > A2      : 0x3ffc89b8  A3      : 0x00000000  A4      : 0x3ffcde04[37m [37m A5      : 0x00000000  
00:42:08.637 > A6      : 0x3f001cfb  A7      : 0x3ffcddcc  A8      : 0x00000000[37m [37m A9      : 0x3ffcdb50  
00:42:08.638 > A10     : 0x3ffcdba0  A11     : 0x00000004  A12     : 0x00000001[37m [37m A13     : 0x00000080  
00:42:08.639 > A14     : 0x00000000  A15     : 0x3ffcba3c  SAR     : 0x00000004[37m [37m EXCCAUSE: 0x0000001c  
00:42:08.640 > [37mEXCVADDR: 0x00000010  LBEG    : 0x00000001  LEND    : 0x00000080[37m [37m LCOUNT  : 0x4002a7e8  
00:42:08.642 > [37m[37m
00:42:08.643 > [37m[37m
00:42:08.643 > Backtrace: 0x4008f266:0x3ffcdff0 0x40087e92:0x3ffce010 0x4008803b:0x3ffce030 0x40088453:0x3ffce050 0x40088444:0x3ffce070 0x40088[37mf79:0x3ffce090 0x40089297:0x3ffce0b0 0x40088263:0x3ffce0e0 0x4008aa04:0x3ffce100 0x400bf777:0x3ffce120 0x4002d279:0x3ffce150
00:42:08.644 > [37m[37m
00:42:08.644 > 
00:42:08.645 > [37m[37m
00:42:08.646 > [37m[37m
00:42:08.647 > [37mE[37mLF file SHA256: 5050a3dc7
00:42:08.648 > [37m[37m
00:42:08.649 > [37mR[37mebooting...
00:42:08.682 > [37mI[37m (32) boot: ESP-IDF 5.4.0 2nd stage bootloader
00:42:08.683 > I (32) boot: compile time Jul  3 2025 00:41:34
00:42:08.683 > D (32) bootloader_flash: XMC chip detected by RDID (00204016), s[37mk[37mip.
00:42:08.690 > D (34) bootloader_flash: mmu set block paddr=0x00000000 (was 0xffffffff)
00:42:08.690 > I (35) boot: chip revision: v0.0
00:42:08.690 > I (35) boot: efuse block revision: v0.2
00:42:08.690 > D (35) boot.esp32s2: magic e9
00:42:08.690 > D (35) boot.esp32s2: segments 04
00:42:08.690 > D (35) boot.esp32s2: spi_mode 02
00:42:08.690 > D (35) boot.esp32s2: spi_speed 0f
00:42:08.690 > D (35) boot.esp32s2: spi_size 02
00:42:08.690 > I (35) boot.esp32s2: SPI Speed      : 80MHz
00:42:08.690 > I (35) boot.esp32s2: SPI Mode       : DIO
00:42:08.690 > I (36) boot.esp32s2: SPI Flash Size : 4MB
00:42:08.690 > D (37) boot: Enabling RTCWDT(9000 ms)
00:42:08.690 > I (37) boot: Enabling RNG early entropy source...
00:42:08.690 > D (37) bootloader_flash: rodata starts from paddr=0x00008000, size=0xc00, will be mapped to vaddr=0x3f000000
00:42:08.690 > V (37) bootloader_flash: after mapping, starting from paddr=0x00000000 and vaddr=0x3f000000, 0x10000 bytes are mapped
00:42:08.690 > D (37) boot: mapped partition table 0x8000 at 0x3f008000
00:42:08.690 > D (37) flash_parts: partition table verified, 5 entries
00:42:08.690 > I (38) boot: Partition Table:
00:42:08.690 > I (38) boot: ## Label            Usage          Type ST Offset   Length
00:42:08.690 > D (39) boot: load partition [37mtable entry 0x3f008000
00:42:08.692 > D (39) boot: type=1 subtype=2
00:42:08.692 > I (39) boot:  0 nvs              WiFi data        01 02 00009000 00004000
00:42:08.692 > D (40) boot: load partition table entry 0x3f008020
00:42:08.692 > D (40) boot: type=1 subtype=1
00:42:08.692 > I (40) boot:  1 phy_init         RF data          01 01 0000d000 00001000
00:42:08.692 > D (41) boot: load partition table entry 0x3f008040
00:42:08.692 > D (42) boot: type=0 subtype=0
00:42:08.692 > I (42) boot:  2 factory          factory app      00 00 00010000[37m 00100000
00:42:08.699 > D (43) boot: load partition table entry 0x3f008060
00:42:08.699 > D (43) boot: type=1 subtype=83
00:42:08.699 > I (43) boot:  3 storage          Unknown data     01 83 00110000 000f0000
00:42:08.699 > I (44) boot: End of partition table
00:42:08.699 > D (44) boot: Trying partition index -1 offs 0x10000 size 0x100000
00:42:08.699 > D (45) esp_image: reading image header @ 0x10000
00:42:08.699 > D (46) bootloader_flash: mmu set block paddr=0x00010000 (was 0xffffffff)
00:42:08.699 > D (47) esp_image: image header: 0xe9 0x06 0x02 0x02 40026a3c
00:42:08.699 > V (47) esp_image: loading segment header 0 at offset 0x10018
00:42:08.699 > V (47) esp_image: segment data length 0x14db8 data starts 0x10020
00:42:08.699 > V (48) esp_image: MMU page size 0x10000
00:42:08.699 > V (48) esp_image: segment 0 map_segment 1 segment_data_offs 0x10[37m020 load_addr 0x3f000020
00:42:08.732 > I (49) esp_image: segment 0: paddr=00010020 vaddr=3f000020 size=14db8h ( 85432) map
00:42:08.732 > D (50) esp_image: free data page_count 0x00000038
00:42:08.732 > D (50) bootloader_flash: rodata starts from paddr=0x00010020, size=0x14db8, will be mapped to vaddr=0x3f000000
00:42:08.732 > V (50) bootloader_flash: after mapping, starting from paddr=0x00010000 and vaddr=0x3f000000, 0x20000 bytes are mapped
00:42:08.732 > V (67) esp_image: loading segment header 1 at offset 0x24dd8
00:42:08.732 > D (67) bootloader_flash: mmu set block paddr=0x00020000 (was 0xffffffff)
00:42:08.732 > V (68) esp_image: segment data length 0x1c data starts 0x24de0
00:42:08.732 > V (69) esp_image: MMU page size 0x10000
00:42:08.732 > V (69) esp_image: segment 1 map_segment 0 segment_data_offs 0x24de0 load_addr 0x3ff9e010
00:42:08.732 > I (69) esp_image: segment 1: paddr=00024de0 vaddr=3ff9e010 size=0001ch (    28) load
00:42:08.732 > D (70) esp_image: free data page_count 0x00000038
00:42:08.732 > D (70) bootloader_flash: rodata starts from paddr=0x00024de0, size=0x1c, will be mapped to vaddr=0x3f000000
00:42:08.732 > V (70) bootloader_flash: after mapping, starting f[37mrom paddr=0x00020000 and vaddr=0x3f000000, 0x10000 bytes are mapped
00:42:08.740 > V (71) esp_image: loading segment header 2 at offset 0x24dfc
00:42:08.740 > D (71) bootloader_flash: mmu set block paddr=0x00020000 (was 0xffffffff)
00:42:08.740 > V (72) esp_image: segment data length 0x2ed8 data starts 0x24e04
00:42:08.740 > V (73) esp_image: MMU page size 0x10000
00:42:08.740 > V (73) esp_image: segment 2 map_segment 0 segment_data_offs 0x24e04 load_addr 0x3ffc5ad0
00:42:08.740 > I (74) esp_image: segment 2: paddr=00024e04 vaddr=3ffc5ad0 size=02ed8h ( 11992) load
00:42:08.740 > D (75) esp_image: free data page_count 0x00000038
00:42:08.740 > D (75) bootloader_flash: rodata starts from paddr=0x00024e04, size=0x2ed8, will be mapped to vaddr=0x3f000000
00:42:08.740 > V (75) bootloader_flash: after mapping, starting from paddr=0x00020000 and vaddr=0x3f000000, 0x10000 bytes are mapped
00:42:08.740 > V (78) esp_image: loading segment header 3 at offset 0x27cdc
00:42:08.740 > D (78) bootloader_flash: mmu set block paddr=0x00020000 (was 0xffffffff)
00:42:08.740 > V (79) esp_image: segment data length 0x8334 data starts 0x27ce4
00:42:08.740 > V (80) esp_image: MMU page size 0x10000
00:42:08.740 > V (80) e[37msp_image: segment 3 map_segment 0 segment_data_offs 0x27ce4 load_addr 0x40024000
00:42:08.740 > I (81) esp_image: segment 3: paddr=00027ce4 vaddr=40024000 size=08334h ( 33588) load
00:42:08.740 > D (81) esp_image: free data page_count 0x00000038
00:42:08.740 > D (81) bootloader_flash: rodata starts from paddr=0x00027ce4, size=0x8334, will be mapped to vaddr=0x3f000000
00:42:08.740 > V (81) bootloader_flash: after mapping, starting from paddr=0x00020000 and vaddr=0x3f000000, 0x20000 bytes are mapped
00:42:08.740 > V (90) esp_image: loading segment header 4 at offset 0x30018
00:42:08.740 > D (90) bootloader_flash: mmu set block paddr=0x00030000 (was 0xf[37mf[37mffffff)
00:42:08.741 > [37mV[37m (91) esp_image: segment data length 0x3fdc0 data starts 0x3002[37m0[37m
00:42:08.748 > V (92) esp_image: MMU page size 0x10000
00:42:08.748 > V (92) esp_image: segment 4 map_segment 1 segment_data_offs 0x30020 load_addr 0x40080020
00:42:08.748 > I (93) esp_image: segment 4: paddr=00030020 vaddr=40080020 size=3fdc0h (261568) map
00:42:08.748 > D (93) esp_image: free data page_count 0x00000038
00:42:08.748 > D (93) bootloader_flash: rodata starts from paddr=0x00030020, size=0x3fdc0, will be mapped to vaddr=0x3f000000
00:42:08.748 > V (93) bootloader_flash: after mapping, starting from paddr=0x00030000 and vaddr=0x3f000000, 0x40000 bytes are mapped
00:42:08.795 > [37mV[37m (145) esp_image: loading segment header 5 at offset 0x6fde0
00:42:08.795 > D (145) bootloader_flash: mmu set block paddr=0x00060000 (was 0x[37mf[37mfffffff)
00:42:08.796 > V (146) esp_image: segment data length 0x9798 data starts 0x6fde[37m8[37m
00:42:08.820 > V (147) esp_image: MMU page size 0x10000
00:42:08.820 > V (147) esp_image: segment 5 map_segment 0 segment_data_offs 0x6fde8 load_addr 0x4002c334
00:42:08.820 > I (148) esp_image: segment 5: paddr=0006fde8 vaddr=4002c334 size=09798h ( 38808) load
00:42:08.820 > D (148) esp_image: free data page_count 0x00000038
00:42:08.820 > D (148) bootloader_flash: rodata starts from paddr=0x0006fde8, size=0x9798, will be mapped to vaddr=0x3f000000
00:42:08.820 > V (148) bootloader_flash: after mapping, starting from paddr=0x00060000 and vaddr=0x3f000000, 0x20000 bytes are mapped
00:42:08.820 > V (158) esp_image: image start 0x00010000 end of last section 0x00079580
00:42:08.820 > D (159) bootloader_flash: mmu set block paddr=0x00070000 (was 0xffffffff)
00:42:08.820 > I (169) boot: Loaded app from partition at offset 0x10000
00:42:08.820 > I (169) boot: Disabling RNG early entropy source...
00:42:08.820 > D (169) boot: Mapping segment 0 as DROM
00:42:08.820 > D (169) boot: Mapping segment 4 as IROM
00:42:08.820 > D (169) boot: calling set_cache_and_start_app
00:42:08.820 > [37mD[37m (169) boot: configure drom and irom and start
00:42:08.821 > [37mV (170) boot: rodata starts from paddr=0x00010020, vaddr=0x3f000[37m0[37m20, size=0x14db8
00:42:08.822 > [37mV[37m (172) boot: after mapping rodata, starting from paddr=0x000100[37m0[37m0 and vaddr=0x3f000000, 0x20000 bytes are mapped
00:42:08.822 > [37mV (172) boot: mapped one page of the rodata, from paddr=0x000100[37m00 and vaddr=0x3f3f0000, 0x10000 bytes are mapped
00:42:08.822 > [37mV[37m (172) boot: text starts from paddr=0x00030020, vaddr=0x4008002[37m0[37m, size=0x3fdc0
00:42:08.823 > [37mV (173) boot: after mapping text, starting from paddr=0x00030000[37m [37mand vaddr=0x40080000, 0x40000 bytes are mapped
00:42:08.824 > D (174) boot: start: 0x40026a3c
00:42:08.846 > [37mI[37m (196) main_task: Started on CPU0
00:42:08.847 > [37mI[37m (196) main_task: Calling app_main()
00:42:08.847 > [37m[[37mINFO][MAIN][13ms] START
00:42:08.847 > [37m[[37mINFO][DATA][14ms] START
00:42:08.847 > [37m[[37mINFO][SDCard][14ms] Init SD Card.
00:42:08.848 > [37mI[37m (196) SD CARD: Mounting filesystem
00:42:08.849 > [37mI[37m (196) gpio: GPIO[16]| InputEn: 0| OutputEn: 1| OpenDrain: 0| P[37mu[37mllup: 0| Pulldown: 0| Intr:0 
00:42:08.857 > [37mI[37m (206) sdspi_transaction: cmd=52, R1 response: command not supp[37mo[37mrted
00:42:08.907 > [37mI[37m (256) sdspi_transaction: cmd=5, R1 response: command not suppo[37mr[37mted
00:42:08.958 > [37mE[37m (306) vfs_fat_sdmmc: mount_to_vfs failed (0x101).
00:42:08.959 > [37mI[37m (306) gpio: GPIO[16]| InputEn: 1| OutputEn: 0| OpenDrain: 0| P[37mu[37mllup: 0| Pulldown: 0| Intr:0 
00:42:19.065 > [37m[[37mINFO][SETUP][10232ms] [USER] > Select log level:
00:42:19.066 > [INFO][SETUP][10233ms]   I - ERROR and INFO logs
00:42:19.066 > [37m[INFO][SETUP][10233ms]   D - ERROR, INFO, and DEBUG logs
00:42:19.066 > [37mG[37muru Meditation Error: Core  0 panic'ed (LoadProhibited). Except[37mi[37mon was unhandled.
00:42:19.068 > [37m[37m
00:42:19.068 > Core  0 register dump:
00:42:19.068 > [37mP[37mC      : 0x4008f269  PS      : 0x00060030  A0      : 0x80087e95[37m [37m A1      : 0x3ffcdff0  
00:42:19.069 > A2      : 0x3ffc89b8  A3      : 0x00000000  A4      : 0x3ffcde04[37m [37m A5      : 0x00000000  
00:42:19.070 > [37mA6      : 0x3f001cfb  A7      : 0x3ffcddcc  A8      : 0x00000000[37m [37m A9      : 0x3ffcdb50  
00:42:19.071 > A10     : 0x3ffcdba0  A11     : 0x00000004  A12     : 0x00000001[37m [37m A13     : 0x00000080  
00:42:19.072 > A14     : 0x00000000  A15     : 0x3ffcba3c  SAR     : 0x00000004[37m [37m EXCCAUSE: 0x0000001c  
00:42:19.073 > EXCVADDR: 0x00000010  LBEG    : 0x00000001  LEND    : 0x00000080[37m [37m LCOUNT  : 0x4002a7e8  
00:42:19.075 > [37m[37m
00:42:19.076 > [37m[37m
00:42:19.077 > Backtrace: 0x4008f266:0x3ffcdff0 0x40087e92:0x3ffce010 0x4008803b:0x3ffce030 0x40088453:0x3ffce050 0x40088444:0x3ffce070 0x40088f79:0x3ffce090 0x40089297:0x3ffce0b0 0x40088263:0x3ffce0e0 0x400[37m8aa04:0x3ffce100 0x400bf777:0x3ffce120 0x4002d279:0x3ffce150
00:42:19.078 > [37m[37m
00:42:19.079 > [37m[37m
00:42:19.080 > [37m[37m
00:42:19.081 > [37m[37m
00:42:19.081 > ELF file SHA256: 5050a3dc7
00:42:19.082 > [37m[37m
00:42:19.082 > Rebooting...
00:42:19.115 > [37mI[37m (32) boot: ESP-IDF 5.4.0 2nd stage bootloader
00:42:19.115 > I (32) boot: compile time Jul  3 2025 00:41:34
00:42:19.115 > [37mD[37m (32) bootloader_flash: XMC chip detected by RDID (00204016), s[37mk[37mip.
00:42:19.116 > [37mD[37m (34) bootloader_flash: mmu set block paddr=0x00000000 (was 0xf[37mf[37mffffff)
00:42:19.117 > [37mI[37m (35) boot: chip revision: v0.0
00:42:19.117 > I (35) boot: efuse block revision: v0.2
00:42:19.117 > [37mD (35) boot.esp32s2: magic e9
00:42:19.117 > [37mD[37m (35) boot.esp32s2: segments 04
00:42:19.118 > [37mD[37m (35) boot.esp32s2: spi_mode 02
00:42:19.118 > [37mD (35) boot.esp32s2: spi_speed 0f
00:42:19.118 > [37mD[37m (35) boot.esp32s2: spi_size 02
00:42:19.118 > [37mI (35) boot.esp32s2: SPI Speed      : 80MHz
00:42:19.118 > [37mI[37m (35) boot.esp32s2: SPI Mode       : DIO
00:42:19.118 > [37mI[37m (35) boot.esp32s2: SPI Flash Size : 4MB
00:42:19.119 > [37mD[37m (36) boot: Enabling RTCWDT(9000 ms)
00:42:19.119 > [37mI (37) boot: Enabling RNG early entropy source...
00:42:19.119 > [37mD[37m (37) bootloader_flash: rodata starts from paddr=0x00008000, size=0xc00, will be mapped to vaddr=0x3f000000
00:42:19.120 > [37mV (37) bootloader_flash: after mapping, starting from paddr=0x00[37m000000 and vaddr=0x3f000000, 0x10000 bytes are mapped
00:42:19.120 > [37mD[37m (37) boot: mapped partition table 0x8000 at 0x3f008000
00:42:19.120 > [37mD[37m (37) flash_parts: partition table verified, 5 entries
00:42:19.121 > [37mI[37m (38) boot: Partition Table:
00:42:19.121 > [37mI[37m (39) boot: ## Label            Usage          Type ST Offset  [37m [37mLength
00:42:19.122 > [37mD[37m (40) boot: load partition table entry 0x3f008000
00:42:19.122 > D (40) boot: type=1 subtype=2
00:42:19.122 > [37mI[37m (40) boot:  0 nvs              WiFi data        01 02 00009000[37m [37m00004000
00:42:19.124 > [37mD[37m (41) boot: load partition table entry 0x3f008020
00:42:19.124 > [37mD[37m (41) boot: type=1 subtype=1
00:42:19.124 > [37mI[37m (41) boot:  1 phy_init         RF data          01 01 0000d000[37m [37m00001000
00:42:19.125 > [37mD[37m (42) boot: load partition table entry 0x3f008040
00:42:19.126 > [37mD[37m (43) boot: type=0 subtype=0
00:42:19.126 > [37mI[37m (44) boot:  2 factory          factory app      00 00 00010000[37m [37m00100000
00:42:19.127 > [37mD[37m (45) boot: load partition table entry 0x3f008060
00:42:19.127 > D (45) boot: type=1 subtype=83
00:42:19.128 > [37mI[37m (45) boot:  3 storage          Unknown data     01 83 00110000[37m [37m000f0000
00:42:19.129 > [37mI[37m (46) boot: End of partition table
00:42:19.129 > [37mD[37m (46) boot: Trying partition index -1 offs 0x10000 size 0x10000[37m0[37m
00:42:19.130 > [37mD[37m (47) esp_image: reading image header @ 0x10000
00:42:19.130 > [37mD (48) bootloader_flash: mmu set block paddr=0x00010000 (was 0xf[37mf[37mffffff)
00:42:19.131 > [37mD[37m (49) esp_image: image header: 0xe9 0x06 0x02 0x02 40026a3c
00:42:19.131 > [37mV[37m (49) esp_image: loading segment header 0 at offset 0x10018
00:42:19.132 > [37mV[37m (49) esp_image: segment data length 0x14db8 data starts 0x1002[37m0[37m
00:42:19.133 > [37mV[37m (50) esp_image: MMU page size 0x10000
00:42:19.133 > [37mV[37m (50) esp_image: segment 0 map_segment 1 segment_data_offs 0x10020 load_addr 0x3f000020
00:42:19.133 > [37mI[37m (50) esp_image: segment 0: paddr=00010020 vaddr=3f000020 size=[37m1[37m4db8h ( 85432) map
00:42:19.134 > [37mD[37m (52) esp_image: free data page_count 0x00000038
00:42:19.134 > [37mD[37m (52) bootloader_flash: rodata starts from paddr=0x00010020, si[37mz[37me=0x14db8, will be mapped to vaddr=0x3f000000
00:42:19.135 > [37mV[37m (52) bootloader_flash: after mapping, starting from paddr=0x00[37m0[37m10000 and vaddr=0x3f000000, 0x20000 bytes are mapped
00:42:19.152 > [37mV[37m (69) esp_image: loading segment header 1 at offset 0x24dd8
00:42:19.152 > D (69) bootloader_flash: mmu set block paddr=0x00020000 (was 0xf[37mf[37mffffff)
00:42:19.153 > [37mV[37m (70) esp_image: segment data length 0x1c data starts 0x24de0
00:42:19.153 > [37mV (71) esp_image: MMU page size 0x10000
00:42:19.153 > [37mV (71) esp_image: segment 1 map_segment 0 segment_data_offs 0x24[37mde0 load_addr 0x3ff9e010
00:42:19.153 > [37mI[37m (71) esp_image: segment 1: paddr=00024de0 vaddr=3ff9e010 size=[37m0[37m001ch (    28) load
00:42:19.155 > [37mD (72) esp_image: free data page_count 0x00000038
00:42:19.155 > [37mD[37m (72) bootloader_flash: rodata starts from paddr=0x00024de0, si[37mz[37me=0x1c, will be mapped to vaddr=0x3f000000
00:42:19.155 > [37mV[37m (72) bootloader_flash: after mapping, starting from paddr=0x00020000 and vaddr=0x3f000000, 0x10000 bytes are mapped
00:42:19.155 > [37mV[37m (73) esp_image: loading segment header 2 at offset 0x24dfc
00:42:19.155 > [37mD (73) bootloader_flash: mmu set block paddr=0x00020000 (was 0xf[37mf[37mffffff)
00:42:19.157 > [37mV[37m (74) esp_image: segment data length 0x2ed8 data starts 0x24e04[37m[37m
00:42:19.158 > [37mV[37m (75) esp_image: MMU page size 0x10000
00:42:19.158 > [37mV[37m (75) esp_image: segment 2 map_segment 0 segment_data_offs 0x24[37me[37m04 load_addr 0x3ffc5ad0
00:42:19.158 > [37mI[37m (75) esp_image: segment 2: paddr=00024e04 vaddr=3ffc5ad0 size=[37m0[37m2ed8h ( 11992) load
00:42:19.159 > [37mD[37m (77) esp_image: free data page_count 0x00000038
00:42:19.159 > [37mD[37m (77) bootloader_flash: rodata starts from paddr=0x00024e04, si[37mz[37me=0x2ed8, will be mapped to vaddr=0x3f000000
00:42:19.160 > [37mV[37m (77) bootloader_flash: after mapping, starting from paddr=0x00[37m0[37m20000 and vaddr=0x3f000000, 0x10000 bytes are mapped
00:42:19.163 > [37mV[37m (80) esp_image: loading segment header 3 at offset 0x27cdc
00:42:19.163 > [37mD[37m (80) bootloader_flash: mmu set block paddr=0x00020000 (was 0xf[37mf[37mffffff)
00:42:19.164 > [37mV[37m (81) esp_image: segment data length 0x8334 data starts 0x27ce4[37m[37m
00:42:19.165 > [37mV (82) esp_image: MMU page size 0x10000
00:42:19.165 > [37mV[37m (82) esp_image: segment 3 map_segment 0 segment_data_offs 0x27ce4 load_addr 0x40024000
00:42:19.165 > [37mI[37m (83) esp_image: segment 3: paddr=00027ce4 vaddr=40024000 size=08334h ( 33588) load
00:42:19.165 > [37mD[37m (83) esp_image: free data page_count 0x00000038
00:42:19.166 > [37mD[37m (83) bootloader_flash: rodata starts from paddr=0x00027ce4, si[37mz[37me=0x8334, will be mapped to vaddr=0x3f000000
00:42:19.166 > [37mV[37m (83) bootloader_flash: after mapping, starting from paddr=0x00[37m0[37m20000 and vaddr=0x3f000000, 0x20000 bytes are mapped
00:42:19.175 > [37mV[37m (92) esp_image: loading segment header 4 at offset 0x30018
00:42:19.175 > D (92) bootloader_flash: mmu set block paddr=0x00030000 (was 0xf[37mf[37mffffff)
00:42:19.176 > [37mV[37m (93) esp_image: segment data length 0x3fdc0 data starts 0x3002[37m0[37m
00:42:19.177 > [37mV[37m (94) esp_image: MMU page size 0x10000
00:42:19.177 > [37mV[37m (94) esp_image: segment 4 map_segment 1 segment_data_offs 0x30[37m0[37m20 load_addr 0x40080020
00:42:19.178 > [37mI[37m (96) esp_image: segment 4: paddr=00030020 vaddr=40080020 size=3fdc0h (261568) map
00:42:19.178 > [37mD[37m (96) esp_image: free data page_count 0x00000038
00:42:19.179 > [37mD[37m (96) bootloader_flash: rodata starts from paddr=0x00030020, si[37mz[37me=0x3fdc0, will be mapped to vaddr=0x3f000000
00:42:19.179 > [37mV[37m (96) bootloader_flash: after mapping, starting from paddr=0x00[37m0[37m30000 and vaddr=0x3f000000, 0x40000 bytes are mapped
00:42:19.230 > [37mV[37m (148) esp_image: loading segment header 5 at offset 0x6fde0
00:42:19.231 > D (148) bootloader_flash: mmu set block paddr=0x00060000 (was 0x[37mf[37mfffffff)
00:42:19.232 > [37mV[37m (149) esp_image: segment data length 0x9798 data starts 0x6fde[37m8[37m
00:42:19.233 > [37mV[37m (150) esp_image: MMU page size 0x10000
00:42:19.233 > [37mV[37m (150) esp_image: segment 5 map_segment 0 segment_data_offs 0x6[37mf[37mde8 load_addr 0x4002c334
00:42:19.233 > [37mI (151) esp_image: segment 5: paddr=0006fde8 vaddr=4002c334 size[37m=09798h ( 38808) load
00:42:19.233 > [37mD[37m (151) esp_image: free data page_count 0x00000038
00:42:19.233 > [37mD[37m (151) bootloader_flash: rodata starts from paddr=0x0006fde8, s[37mize=0x9798, will be mapped to vaddr=0x3f000000
00:42:19.234 > [37mV[37m (151) bootloader_flash: after mapping, starting from paddr=0x0[37m0060000 and vaddr=0x3f000000, 0x20000 bytes are mapped
00:42:19.244 > [37mV[37m (161) esp_image: image start 0x00010000 end of last section 0x[37m0[37m0079580
00:42:19.245 > [37mD[37m (162) bootloader_flash: mmu set block paddr=0x00070000 (was 0x[37mf[37mfffffff)
00:42:19.254 > [37mI[37m (172) boot: Loaded app from partition at offset 0x10000
00:42:19.254 > I (172) boot: Disabling RNG early entropy source...
00:42:19.255 > [37mD[37m (172) boot: Mapping segment 0 as DROM
00:42:19.255 > [37mD[37m (172) boot: Mapping segment 4 as IROM
00:42:19.255 > [37mD[37m (172) boot: calling set_cache_and_start_app
00:42:19.255 > D (172) boot: configure drom and irom and start
00:42:19.255 > [37mV[37m (172) boot: rodata starts from paddr=0x00010020, vaddr=0x3f000[37m0[37m20, size=0x14db8
00:42:19.256 > [37mV[37m (174) boot: after mapping rodata, starting from paddr=0x000100[37m0[37m0 and vaddr=0x3f000000, 0x20000 bytes are mapped
00:42:19.256 > [37mV[37m (174) boot: mapped one page of the rodata, from paddr=0x000100[37m0[37m0 and vaddr=0x3f3f0000, 0x10000 bytes are mapped
00:42:19.257 > [37mV[37m (174) boot: text starts from paddr=0x00030020, vaddr=0x4008002[37m0[37m, size=0x3fdc0
00:42:19.258 > [37mV[37m (175) boot: after mapping text, starting from paddr=0x00030000[37m [37mand vaddr=0x40080000, 0x40000 bytes are mapped
00:42:19.258 > [37mD[37m (176) boot: start: 0x40026a3c
00:42:19.281 > [37mI[37m (198) main_task: Started on CPU0
00:42:19.281 > [37mI[37m (198) main_task: Calling app_main()
00:42:19.281 > [37m[[37mINFO][MAIN][13ms] START
00:42:19.282 > [37m[[37mINFO][DATA][14ms] START
00:42:19.282 > [37m[[37mINFO][SDCard][14ms] Init SD Card.
00:42:19.283 > [37mI[37m (198) SD CARD: Mounting filesystem
00:42:19.284 > [37mI[37m (198) gpio: GPIO[16]| InputEn: 0| OutputEn: 1| OpenDrain: 0| P[37mu[37mllup: 0| Pulldown: 0| Intr:0 
00:42:19.291 > [37mI[37m (208) sdspi_transaction: cmd=52, R1 response: command not supp[37mo[37mrted
00:42:19.342 > [37mI[37m (258) sdspi_transaction: cmd=5, R1 response: command not suppo